cd ~
touch eltex-pg2-v3_part3.log
mkdir -p D1/D2/D3
touch D1/D2/file.txt
echo "Hello, this is a test file." > D1/D2/file.txt
ln -s D1/D2/file.txt D1/D2/D3/symlink_file.txt
ln D1/D2/file.txt D1/D2/D3/hardlink_file.txt
ls -l D1/D2/D3/
cat D1/D2/D3/symlink_file.txt
cat D1/D2/D3/hardlink_file.txt
mv D1/D2/file.txt D1/
cat D1/D2/D3/symlink_file.txt
cat D1/D2/D3/hardlink_file.txt
rm -r D1/D2
find / -type f -size +50M > eltex-pg2-v3_part3_gt50M.log 2>/dev/null
ls -lh -- $(cat eltex-pg2-v3_part3_gt50M.log)
find ~ -type f -mtime -1
which find
file $(which find)
file /boot/initrd.img*
Образ файловой системы
